TN:
SF:server\auth.ts
FN:13,hashPassword
FN:17,verifyPassword
FN:24,generateToken
FN:32,verifyToken
FN:40,authMiddleware
FNF:5
FNH:5
FNDA:22,hashPassword
FNDA:2,verifyPassword
FNDA:13,generateToken
FNDA:8,verifyToken
FNDA:10,authMiddleware
DA:6,3
DA:7,3
DA:14,22
DA:21,2
DA:25,13
DA:33,8
DA:34,8
DA:36,0
DA:45,10
DA:47,10
DA:48,2
DA:51,8
DA:52,8
DA:54,8
DA:55,0
DA:58,8
DA:59,8
LF:17
LH:15
BRDA:6,0,0,3
BRDA:6,0,1,3
BRDA:47,1,0,2
BRDA:47,1,1,8
BRDA:47,2,0,10
BRDA:47,2,1,8
BRDA:54,3,0,0
BRDA:54,3,1,8
BRF:8
BRH:7
end_of_record
TN:
SF:server\index.ts
FN:16,(anonymous_7)
FN:22,(anonymous_8)
FN:28,(anonymous_9)
FN:33,(anonymous_10)
FN:52,(anonymous_11)
FN:52,(anonymous_12)
FN:55,(anonymous_13)
FN:87,(anonymous_14)
FNF:8
FNH:0
FNDA:0,(anonymous_7)
FNDA:0,(anonymous_8)
FNDA:0,(anonymous_9)
FNDA:0,(anonymous_10)
FNDA:0,(anonymous_11)
FNDA:0,(anonymous_12)
FNDA:0,(anonymous_13)
FNDA:0,(anonymous_14)
DA:6,0
DA:8,0
DA:15,0
DA:17,0
DA:20,0
DA:22,0
DA:23,0
DA:24,0
DA:25,0
DA:27,0
DA:28,0
DA:29,0
DA:30,0
DA:33,0
DA:34,0
DA:35,0
DA:36,0
DA:37,0
DA:38,0
DA:41,0
DA:42,0
DA:45,0
DA:49,0
DA:52,0
DA:53,0
DA:55,0
DA:56,0
DA:57,0
DA:59,0
DA:60,0
DA:66,0
DA:67,0
DA:69,0
DA:76,0
DA:77,0
DA:80,0
DA:81,0
DA:82,0
DA:84,0
DA:87,0
DA:88,0
DA:91,0
LF:42
LH:0
BRDA:35,0,0,0
BRDA:35,0,1,0
BRDA:37,1,0,0
BRDA:37,1,1,0
BRDA:41,2,0,0
BRDA:41,2,1,0
BRDA:56,3,0,0
BRDA:56,3,1,0
BRDA:56,3,2,0
BRDA:57,4,0,0
BRDA:57,4,1,0
BRDA:66,5,0,0
BRDA:66,5,1,0
BRDA:76,6,0,0
BRDA:76,6,1,0
BRDA:81,7,0,0
BRDA:81,7,1,0
BRF:17
BRH:0
end_of_record
TN:
SF:server\routes.ts
FN:20,(anonymous_7)
FN:26,(anonymous_8)
FN:35,(anonymous_9)
FN:61,registerRoutes
FN:63,(anonymous_12)
FN:63,(anonymous_13)
FN:92,(anonymous_14)
FN:92,(anonymous_15)
FN:123,(anonymous_16)
FN:131,(anonymous_17)
FN:131,(anonymous_18)
FN:156,(anonymous_19)
FN:178,(anonymous_20)
FN:178,(anonymous_21)
FN:187,(anonymous_22)
FN:187,(anonymous_23)
FN:205,(anonymous_24)
FNF:17
FNH:16
FNDA:1,(anonymous_7)
FNDA:1,(anonymous_8)
FNDA:2,(anonymous_9)
FNDA:2,registerRoutes
FNDA:4,(anonymous_12)
FNDA:4,(anonymous_13)
FNDA:3,(anonymous_14)
FNDA:3,(anonymous_15)
FNDA:4,(anonymous_16)
FNDA:4,(anonymous_17)
FNDA:4,(anonymous_18)
FNDA:2,(anonymous_19)
FNDA:1,(anonymous_20)
FNDA:1,(anonymous_21)
FNDA:3,(anonymous_22)
FNDA:3,(anonymous_23)
FNDA:0,(anonymous_24)
DA:12,2
DA:13,2
DA:14,0
DA:17,2
DA:21,1
DA:22,1
DA:27,1
DA:28,1
DA:30,0
DA:35,2
DA:36,2
DA:37,2
DA:39,2
DA:40,12
DA:41,12
DA:43,12
DA:44,12
DA:45,0
DA:46,0
DA:49,2
DA:52,2
DA:53,2
DA:56,2
DA:57,2
DA:58,12
DA:62,2
DA:63,4
DA:64,4
DA:65,4
DA:67,2
DA:68,2
DA:69,1
DA:72,1
DA:73,1
DA:78,1
DA:80,1
DA:85,2
DA:86,2
DA:88,0
DA:92,3
DA:93,3
DA:94,3
DA:96,3
DA:97,3
DA:98,1
DA:101,2
DA:102,2
DA:103,1
DA:106,1
DA:108,1
DA:113,0
DA:114,0
DA:116,0
DA:120,2
DA:125,4
DA:127,0
DA:129,4
DA:131,4
DA:132,4
DA:133,4
DA:135,4
DA:136,3
DA:138,4
DA:145,2
DA:147,2
DA:148,0
DA:149,0
DA:155,2
DA:156,2
DA:158,2
DA:159,2
DA:161,2
DA:165,2
DA:167,2
DA:168,2
DA:170,2
DA:171,2
DA:173,0
DA:178,2
DA:179,1
DA:180,1
DA:181,1
DA:183,0
DA:187,3
DA:188,3
DA:189,3
DA:191,3
DA:192,1
DA:195,2
DA:196,1
DA:199,1
DA:201,0
DA:205,2
DA:206,0
DA:207,0
DA:210,2
DA:212,2
LF:97
LH:81
BRDA:13,0,0,0
BRDA:13,0,1,2
BRDA:27,1,0,1
BRDA:27,1,1,0
BRDA:43,2,0,12
BRDA:43,2,1,0
BRDA:45,3,0,0
BRDA:45,3,1,0
BRDA:62,4,0,2
BRDA:62,4,1,0
BRDA:68,5,0,1
BRDA:68,5,1,1
BRDA:85,6,0,2
BRDA:85,6,1,0
BRDA:97,7,0,1
BRDA:97,7,1,2
BRDA:102,8,0,1
BRDA:102,8,1,1
BRDA:113,9,0,0
BRDA:113,9,1,0
BRDA:125,10,0,0
BRDA:125,10,1,4
BRDA:135,11,0,3
BRDA:135,11,1,1
BRDA:143,12,0,1
BRDA:143,12,1,3
BRDA:147,13,0,0
BRDA:147,13,1,2
BRDA:170,14,0,2
BRDA:170,14,1,0
BRDA:191,15,0,1
BRDA:191,15,1,2
BRDA:195,16,0,1
BRDA:195,16,1,1
BRF:34
BRH:22
end_of_record
TN:
SF:server\storage.ts
FN:31,(anonymous_7)
FN:35,(anonymous_8)
FN:39,(anonymous_10)
FN:46,(anonymous_12)
FN:53,(anonymous_14)
FN:67,(anonymous_16)
FN:67,(anonymous_17)
FN:68,(anonymous_18)
FN:69,(anonymous_19)
FN:73,(anonymous_20)
FN:82,(anonymous_22)
FN:88,(anonymous_23)
FN:93,(anonymous_25)
FN:98,(anonymous_27)
FN:104,(anonymous_29)
FN:121,(anonymous_31)
FN:121,(anonymous_32)
FN:124,(anonymous_33)
FN:130,(anonymous_34)
FN:147,setStorage
FNF:20
FNH:12
FNDA:9,(anonymous_7)
FNDA:2,(anonymous_8)
FNDA:6,(anonymous_10)
FNDA:22,(anonymous_12)
FNDA:33,(anonymous_14)
FNDA:4,(anonymous_16)
FNDA:4,(anonymous_17)
FNDA:20,(anonymous_18)
FNDA:26,(anonymous_19)
FNDA:4,(anonymous_20)
FNDA:3,(anonymous_22)
FNDA:0,(anonymous_23)
FNDA:0,(anonymous_25)
FNDA:0,(anonymous_27)
FNDA:0,(anonymous_29)
FNDA:0,(anonymous_31)
FNDA:0,(anonymous_32)
FNDA:0,(anonymous_33)
FNDA:0,(anonymous_34)
FNDA:2,setStorage
DA:18,3
DA:32,9
DA:33,9
DA:36,2
DA:40,6
DA:41,5
DA:43,2
DA:47,22
DA:48,22
DA:49,22
DA:50,22
DA:54,33
DA:56,33
DA:57,33
DA:63,33
DA:64,33
DA:67,4
DA:68,20
DA:69,26
DA:70,4
DA:74,4
DA:84,3
DA:85,3
DA:89,0
DA:90,0
DA:94,0
DA:95,0
DA:99,0
DA:100,0
DA:101,0
DA:105,0
DA:106,0
DA:107,0
DA:113,0
DA:115,0
DA:116,0
DA:118,0
DA:121,0
DA:122,0
DA:124,0
DA:131,0
DA:132,0
DA:134,0
DA:136,0
DA:139,3
DA:140,3
DA:141,0
DA:145,3
DA:148,2
LF:49
LH:27
BRDA:41,0,0,4
BRDA:41,0,1,1
BRDA:60,1,0,1
BRDA:60,1,1,32
BRDA:60,2,0,33
BRDA:60,2,1,2
BRDA:67,3,0,2
BRDA:110,4,0,0
BRDA:110,4,1,0
BRDA:110,5,0,0
BRDA:110,5,1,0
BRDA:115,6,0,0
BRDA:115,6,1,0
BRDA:121,7,0,0
BRDA:132,8,0,0
BRDA:132,8,1,0
BRDA:132,9,0,0
BRDA:132,9,1,0
BRDA:140,10,0,0
BRDA:140,10,1,3
BRF:20
BRH:8
end_of_record
TN:
SF:server\vite.ts
FN:11,log
FN:22,setupVite
FN:34,(anonymous_10)
FN:44,(anonymous_11)
FN:44,(anonymous_12)
FN:70,serveStatic
FN:82,(anonymous_14)
FNF:7
FNH:1
FNDA:17,log
FNDA:0,setupVite
FNDA:0,(anonymous_10)
FNDA:0,(anonymous_11)
FNDA:0,(anonymous_12)
FNDA:0,serveStatic
FNDA:0,(anonymous_14)
DA:9,2
DA:12,17
DA:19,17
DA:23,0
DA:29,0
DA:35,0
DA:36,0
DA:43,0
DA:44,0
DA:45,0
DA:47,0
DA:48,0
DA:56,0
DA:57,0
DA:61,0
DA:62,0
DA:64,0
DA:65,0
DA:71,0
DA:73,0
DA:74,0
DA:79,0
DA:82,0
DA:83,0
LF:24
LH:3
BRDA:11,0,0,17
BRDA:73,1,0,0
BRDA:73,1,1,0
BRF:3
BRH:1
end_of_record
TN:
SF:shared\schema.ts
FN:14,(anonymous_0)
FNF:1
FNH:0
FNDA:0,(anonymous_0)
DA:6,3
DA:12,3
DA:14,0
DA:22,3
DA:30,3
DA:35,3
LF:6
LH:5
BRF:0
BRH:0
end_of_record
